[2025-03-09 01:00:09,343][INFO]: task_master.py[line:177] - A507 recv task. CacheTaskCtx(task_id=269c20146a99487eb57f99714a30344d, containers=[{'id': 'TEMU2378356', 'size': 20, 'weight': 23328, 'position': 1, 'slot': 'B.05.03.04'}, {'id': 'XHCU2298184', 'size': 20, 'weight': 23140, 'position': 3, 'slot': 'B.07.03.04'}], act_order_type=3, act_business_type=1, dest_type=1, pow=Q111, seq=604, vbay=6, vessel_id=FUB_007, need_ps=True, destination=O1D.53)
[2025-03-09 01:00:09,344][INFO]: task_master.py[line:61] - A507 put TEMU2378356 to slot B.05.03.04
[2025-03-09 01:00:09,344][INFO]: task_master.py[line:61] - A507 put XHCU2298184 to slot B.07.03.04
[2025-03-09 01:00:09,345][INFO]: memory.py[line:518] - A507 cache task 269c20146a99487eb57f99714a30344d
[2025-03-09 01:00:09,754][WARNING]: task_master.py[line:1083] - A507 cached_task CacheTaskCtx(task_id=269c20146a99487eb57f99714a30344d, containers=[{'id': 'TEMU2378356', 'size': 20, 'weight': 23328, 'position': 1, 'slot': 'B.05.03.04'}, {'id': 'XHCU2298184', 'size': 20, 'weight': 23140, 'position': 3, 'slot': 'B.07.03.04'}], act_order_type=3, act_business_type=1, dest_type=1, pow=Q111, seq=604, vbay=6, vessel_id=FUB_007, need_ps=True, destination=O1D.53) 等于 SendTaskCtx(task_id=7d4210d736d44618ab479c375d412928, status=7, containers=[{'id': 'TEMU2378356', 'size': 20, 'weight': 23328, 'position': 1, 'slot': 'B.05.03.04'}, {'id': 'XHCU2298184', 'size': 20, 'weight': 23140, 'position': 3, 'slot': 'B.07.03.04'}], act_order_type=3, act_business_type=1, dest_type=1, pow=Q111, seq=604, vbay=6, vessel_id=FUB_007, need_ps=True, destination=O1D.53, front_pb=False, pb_reason=, send_time=1741452754.6035666, complete_time=0, last_location=O1D, last_work_location_type=1, last_target=, last_sub_target=)
[2025-03-09 01:00:09,754][INFO]: task_master.py[line:1093] - A507 send_task 等于 taskmgr_task. do not send, return.
[2025-03-09 01:02:33,378][INFO]: task_master.py[line:177] - A507 recv task. CacheTaskCtx(task_id=b6ce24eec7c3478fba330850ed37232d, containers=[{'id': 'XHCU2298184', 'size': 20, 'weight': 23140, 'position': 3, 'slot': 'B.07.03.04'}, {'id': 'TEMU2378356', 'size': 20, 'weight': 23328, 'position': 1, 'slot': 'B.05.03.04'}], act_order_type=3, act_business_type=1, dest_type=1, pow=Q111, seq=604, vbay=6, vessel_id=FUB_007, need_ps=True, destination=O1D.53)
[2025-03-09 01:02:33,379][INFO]: task_master.py[line:61] - A507 put XHCU2298184 to slot B.07.03.04
[2025-03-09 01:02:33,379][INFO]: task_master.py[line:61] - A507 put TEMU2378356 to slot B.05.03.04
[2025-03-09 01:02:33,380][INFO]: memory.py[line:518] - A507 cache task b6ce24eec7c3478fba330850ed37232d
[2025-03-09 01:02:33,590][INFO]: task_master.py[line:1073] - A507 update task. CacheTaskCtx(task_id=b6ce24eec7c3478fba330850ed37232d, containers=[{'id': 'XHCU2298184', 'size': 20, 'weight': 23140, 'position': 3, 'slot': 'B.07.03.04'}, {'id': 'TEMU2378356', 'size': 20, 'weight': 23328, 'position': 1, 'slot': 'B.05.03.04'}], act_order_type=3, act_business_type=1, dest_type=1, pow=Q111, seq=604, vbay=6, vessel_id=FUB_007, need_ps=True, destination=O1D.53) 不等于 SendTaskCtx(task_id=7d4210d736d44618ab479c375d412928, status=7, containers=[{'id': 'TEMU2378356', 'size': 20, 'weight': 23328, 'position': 1, 'slot': 'B.05.03.04'}, {'id': 'XHCU2298184', 'size': 20, 'weight': 23140, 'position': 3, 'slot': 'B.07.03.04'}], act_order_type=3, act_business_type=1, dest_type=1, pow=Q111, seq=604, vbay=6, vessel_id=FUB_007, need_ps=True, destination=O1D.53, front_pb=False, pb_reason=, send_time=1741452754.6035666, complete_time=0, last_location=O1D, last_work_location_type=1, last_target=, last_sub_target=), TaskMgrCtx(task_id=7d4210d736d44618ab479c375d412928, status=7, containers=[{'id': 'TEMU2378356', 'size': 20, 'weight': 23328, 'position': 1, 'slot': 'B.05.03.04'}, {'id': 'XHCU2298184', 'size': 20, 'weight': 23140, 'position': 3, 'slot': 'B.07.03.04'}], act_order_type=3, act_business_type=1, dest_type=1, pow=Q111, vbay=6, vessel_id=FUB_007, destination=O1D.53)
[2025-03-09 01:02:33,590][INFO]: yard_manager.py[line:37] - A507 to_yard O1D-53 to_tz name=0
[2025-03-09 01:02:33,591][INFO]: task_master.py[line:994] - A507 decide to send cache task
[2025-03-09 01:02:33,610][INFO]: yard_manager.py[line:37] - A507 to_yard O1D-53 to_tz name=0
[2025-03-09 01:02:33,612][INFO]: memory.py[line:125] - A507 send task, CacheTaskCtx(task_id=b6ce24eec7c3478fba330850ed37232d, containers=[{'id': 'XHCU2298184', 'size': 20, 'weight': 23140, 'position': 3, 'slot': 'B.07.03.04'}, {'id': 'TEMU2378356', 'size': 20, 'weight': 23328, 'position': 1, 'slot': 'B.05.03.04'}], act_order_type=3, act_business_type=1, dest_type=1, pow=Q111, seq=604, vbay=6, vessel_id=FUB_007, need_ps=True, destination=O1D.53)
[2025-03-09 01:02:33,612][INFO]: memory.py[line:79] - A507 has container [{"id": "TEMU2378356", "size": 20, "weight": 23328, "position": 1, "slot": "B.05.03.04"}]
[2025-03-09 01:02:33,613][INFO]: task_master.py[line:1220] - A507 Send Task:b6ce24eec7c3478fba330850ed37232d
[2025-03-09 01:02:33,638][INFO]: task_master.py[line:1225] - load_seq:A507 Q111 [('A509', 1), ('A507', 604), ('A518', 706), ('A510', 708), ('A516', 708)]
[2025-03-09 01:02:44,343][INFO]: task_master.py[line:238] - A507 task_control_event, send=ycc, control=2, task_id=7d4210d736d44618ab479c375d412928
[2025-03-09 01:02:44,344][INFO]: task_master.py[line:246] - A507 task_control_event. SendTaskCtx(task_id=b6ce24eec7c3478fba330850ed37232d, status=7, containers=[{'id': 'XHCU2298184', 'size': 20, 'weight': 23140, 'position': 3, 'slot': 'B.07.03.04'}, {'id': 'TEMU2378356', 'size': 20, 'weight': 23328, 'position': 1, 'slot': 'B.05.03.04'}], act_order_type=3, act_business_type=1, dest_type=1, pow=Q111, seq=604, vbay=6, vessel_id=FUB_007, need_ps=True, destination=O1D.53, front_pb=False, pb_reason=, send_time=1741453353.6118317, complete_time=0, last_location=O1D, last_work_location_type=1, last_target=O1D, last_sub_target=53)
[2025-03-09 01:02:44,345][WARNING]: task_master.py[line:285] - A507 taskcontrol task_id 不等于 send_taskctx.task_id b6ce24eec7c3478fba330850ed37232d


[2025-03-09 01:04:56,770][INFO]: task_master.py[line:177] - A507 recv task. CacheTaskCtx(task_id=c94bc7e9176445bc86676a7c6ab73e80, containers=[{'id': 'XHCU2298184', 'size': 20, 'weight': 23140, 'position': 3, 'slot': 'B.07.03.04'}, {'id': 'TEMU2378356', 'size': 20, 'weight': 23328, 'position': 1, 'slot': 'B.05.03.04'}], act_order_type=3, act_business_type=1, dest_type=1, pow=Q111, seq=604, vbay=6, vessel_id=FUB_007, need_ps=True, destination=O1D.53)
[2025-03-09 01:04:56,771][INFO]: task_master.py[line:61] - A507 put XHCU2298184 to slot B.07.03.04
[2025-03-09 01:04:56,771][INFO]: task_master.py[line:61] - A507 put TEMU2378356 to slot B.05.03.04
[2025-03-09 01:04:56,772][INFO]: memory.py[line:518] - A507 cache task c94bc7e9176445bc86676a7c6ab73e80
[2025-03-09 01:04:56,918][WARNING]: task_master.py[line:1083] - A507 cached_task CacheTaskCtx(task_id=c94bc7e9176445bc86676a7c6ab73e80, containers=[{'id': 'XHCU2298184', 'size': 20, 'weight': 23140, 'position': 3, 'slot': 'B.07.03.04'}, {'id': 'TEMU2378356', 'size': 20, 'weight': 23328, 'position': 1, 'slot': 'B.05.03.04'}], act_order_type=3, act_business_type=1, dest_type=1, pow=Q111, seq=604, vbay=6, vessel_id=FUB_007, need_ps=True, destination=O1D.53) 等于 SendTaskCtx(task_id=b6ce24eec7c3478fba330850ed37232d, status=7, containers=[{'id': 'XHCU2298184', 'size': 20, 'weight': 23140, 'position': 3, 'slot': 'B.07.03.04'}, {'id': 'TEMU2378356', 'size': 20, 'weight': 23328, 'position': 1, 'slot': 'B.05.03.04'}], act_order_type=3, act_business_type=1, dest_type=1, pow=Q111, seq=604, vbay=6, vessel_id=FUB_007, need_ps=True, destination=O1D.53, front_pb=False, pb_reason=, send_time=1741453353.6118317, complete_time=0, last_location=O1D, last_work_location_type=1, last_target=O1D, last_sub_target=53)
[2025-03-09 01:04:56,918][INFO]: task_master.py[line:1097] - A507  taskmgr_task is None.
[2025-03-09 01:04:56,918][INFO]: yard_manager.py[line:37] - A507 to_yard O1D-53 to_tz name=0
[2025-03-09 01:04:56,918][INFO]: task_master.py[line:994] - A507 decide to send cache task
[2025-03-09 01:04:56,939][INFO]: yard_manager.py[line:37] - A507 to_yard O1D-53 to_tz name=0
[2025-03-09 01:04:56,942][INFO]: memory.py[line:125] - A507 send task, CacheTaskCtx(task_id=c94bc7e9176445bc86676a7c6ab73e80, containers=[{'id': 'XHCU2298184', 'size': 20, 'weight': 23140, 'position': 3, 'slot': 'B.07.03.04'}, {'id': 'TEMU2378356', 'size': 20, 'weight': 23328, 'position': 1, 'slot': 'B.05.03.04'}], act_order_type=3, act_business_type=1, dest_type=1, pow=Q111, seq=604, vbay=6, vessel_id=FUB_007, need_ps=True, destination=O1D.53)
[2025-03-09 01:04:56,942][INFO]: memory.py[line:79] - A507 has container [{"id": "TEMU2378356", "size": 20, "weight": 23328, "position": 1, "slot": "B.05.03.04"}]
[2025-03-09 01:04:56,943][INFO]: task_master.py[line:1220] - A507 Send Task:c94bc7e9176445bc86676a7c6ab73e80
[2025-03-09 01:04:56,969][INFO]: task_master.py[line:1225] - load_seq:A507 Q111 [('A509', 604), ('A507', 604), ('A518', 706), ('A510', 708), ('A516', 708)]


[2025-03-09 01:07:14,743][INFO]: task_master.py[line:177] - A507 recv task. CacheTaskCtx(task_id=4dc311345a764449935dbb6988bda6eb, containers=[{'id': 'TEMU2378356', 'size': 20, 'weight': 23328, 'position': 2, 'slot': 'B.05.03.04'}, {'id': 'XHCU2298184', 'size': 20, 'weight': 23140, 'position': 3, 'slot': 'B.07.03.04'}], act_order_type=2, act_business_type=1, dest_type=6, pow=Q111, seq=604, vbay=6, vessel_id=FUB_007, need_ps=True, destination=Q111.5)
[2025-03-09 01:07:14,744][INFO]: task_master.py[line:61] - A507 put TEMU2378356 to slot B.05.03.04
[2025-03-09 01:07:14,744][INFO]: task_master.py[line:61] - A507 put XHCU2298184 to slot B.07.03.04
[2025-03-09 01:07:14,745][INFO]: memory.py[line:518] - A507 cache task 4dc311345a764449935dbb6988bda6eb
[2025-03-09 01:07:15,184][INFO]: task_master.py[line:1073] - A507 update task. CacheTaskCtx(task_id=4dc311345a764449935dbb6988bda6eb, containers=[{'id': 'TEMU2378356', 'size': 20, 'weight': 23328, 'position': 2, 'slot': 'B.05.03.04'}, {'id': 'XHCU2298184', 'size': 20, 'weight': 23140, 'position': 3, 'slot': 'B.07.03.04'}], act_order_type=2, act_business_type=1, dest_type=6, pow=Q111, seq=604, vbay=6, vessel_id=FUB_007, need_ps=True, destination=Q111.5) 不等于 SendTaskCtx(task_id=c94bc7e9176445bc86676a7c6ab73e80, status=1, containers=[{'id': 'XHCU2298184', 'size': 20, 'weight': 23140, 'position': 3, 'slot': 'B.07.03.04'}, {'id': 'TEMU2378356', 'size': 20, 'weight': 23328, 'position': 1, 'slot': 'B.05.03.04'}], act_order_type=3, act_business_type=1, dest_type=1, pow=Q111, seq=604, vbay=6, vessel_id=FUB_007, need_ps=True, destination=O1D.53, front_pb=False, pb_reason=, send_time=1741453496.9406753, complete_time=0, last_location=O1D, last_work_location_type=1, last_target=O1D, last_sub_target=53), TaskMgrCtx(task_id=c94bc7e9176445bc86676a7c6ab73e80, status=1, containers=[{'id': 'XHCU2298184', 'size': 20, 'weight': 23140, 'position': 3, 'slot': 'B.07.03.04'}, {'id': 'TEMU2378356', 'size': 20, 'weight': 23328, 'position': 1, 'slot': 'B.05.03.04'}], act_order_type=3, act_business_type=1, dest_type=1, pow=Q111, vbay=6, vessel_id=FUB_007, destination=O1D.53)
[2025-03-09 01:07:15,184][INFO]: task_master.py[line:903] - A507 need to ps.
[2025-03-09 01:07:15,187][INFO]: yard_manager.py[line:43] - A507 leave O1D
[2025-03-09 01:07:15,190][INFO]: memory.py[line:125] - A507 send task, CacheTaskCtx(task_id=56c98372-9aaa-41fa-94dd-523c57258617, containers=[{'id': 'TEMU2378356', 'size': 20, 'weight': 23328, 'position': 2, 'slot': 'B.05.03.04'}, {'id': 'XHCU2298184', 'size': 20, 'weight': 23140, 'position': 3, 'slot': 'B.07.03.04'}], act_order_type=2, act_business_type=1, dest_type=3, pow=Q111, seq=604, vbay=6, vessel_id=FUB_007, need_ps=True, destination=PARK.YCTP_1D_TAIL)
[2025-03-09 01:07:15,190][INFO]: memory.py[line:79] - A507 has container [{"id": "TEMU2378356", "size": 20, "weight": 23328, "position": 2, "slot": "B.05.03.04"}, {"id": "XHCU2298184", "size": 20, "weight": 23140, "position": 3, "slot": "B.07.03.04"}]
[2025-03-09 01:07:15,191][INFO]: task_master.py[line:1220] - A507 Send Task:56c98372-9aaa-41fa-94dd-523c57258617


[2025-03-09 01:07:16,267][INFO]: task_master.py[line:321] - A507 signals pstp_task FUB_007-218
[2025-03-09 01:07:16,298][INFO]: memory.py[line:125] - A507 send task, CacheTaskCtx(task_id=06c1b3fa-1259-4f2a-b9aa-d8ca9a98f25d, containers=[{'id': 'TEMU2378356', 'size': 20, 'weight': 23328, 'position': 2, 'slot': 'B.05.03.04'}, {'id': 'XHCU2298184', 'size': 20, 'weight': 23140, 'position': 3, 'slot': 'B.07.03.04'}], act_order_type=2, act_business_type=1, dest_type=2, pow=Q111, seq=604, vbay=6, vessel_id=FUB_007, need_ps=True, destination=PSTP.218)
[2025-03-09 01:07:16,298][INFO]: memory.py[line:79] - A507 has container [{"id": "TEMU2378356", "size": 20, "weight": 23328, "position": 2, "slot": "B.05.03.04"}, {"id": "XHCU2298184", "size": 20, "weight": 23140, "position": 3, "slot": "B.07.03.04"}]
[2025-03-09 01:07:16,301][INFO]: task_master.py[line:1220] - A507 Send Task:06c1b3fa-1259-4f2a-b9aa-d8ca9a98f25d


[2025-03-09 01:07:25,363][INFO]: task_master.py[line:238] - A507 task_control_event, send=ycc, control=2, task_id=c94bc7e9176445bc86676a7c6ab73e80
[2025-03-09 01:07:25,364][INFO]: task_master.py[line:246] - A507 task_control_event. SendTaskCtx(task_id=06c1b3fa-1259-4f2a-b9aa-d8ca9a98f25d, status=1, containers=[{'id': 'TEMU2378356', 'size': 20, 'weight': 23328, 'position': 2, 'slot': 'B.05.03.04'}, {'id': 'XHCU2298184', 'size': 20, 'weight': 23140, 'position': 3, 'slot': 'B.07.03.04'}], act_order_type=2, act_business_type=1, dest_type=2, pow=Q111, seq=604, vbay=6, vessel_id=FUB_007, need_ps=True, destination=PSTP.218, front_pb=False, pb_reason=pins_work, send_time=1741453636.2971468, complete_time=0, last_location=, last_work_location_type=0, last_target=PARK, last_sub_target=YCTP_1D_TAIL)
[2025-03-09 01:07:25,365][WARNING]: task_master.py[line:285] - A507 taskcontrol task_id 不等于 send_taskctx.task_id 06c1b3fa-1259-4f2a-b9aa-d8ca9a98f25d
[2025-03-09 01:07:26,674][INFO]: qc_managr.py[line:212] - Q111 will change from 7 to 6
[2025-03-09 01:07:26,696][INFO]: memory.py[line:458] - Q111 priority_tasks:[('A507', 'B.05.03.04'), ('A509', 'B.05.01.04')]
[2025-03-09 01:07:26,696][INFO]: task_master.py[line:416] - pstp_seq: Q111.5 A507 218, []
[2025-03-09 01:07:26,712][INFO]: task_master.py[line:994] - A507 decide to send cache task
[2025-03-09 01:07:26,728][INFO]: qc_managr.py[line:63] - A507 to_qc Q111 dirve_to
[2025-03-09 01:07:26,731][INFO]: memory.py[line:125] - A507 send task, CacheTaskCtx(task_id=4dc311345a764449935dbb6988bda6eb, containers=[{'id': 'TEMU2378356', 'size': 20, 'weight': 23328, 'position': 2, 'slot': 'B.05.03.04'}, {'id': 'XHCU2298184', 'size': 20, 'weight': 23140, 'position': 3, 'slot': 'B.07.03.04'}], act_order_type=2, act_business_type=1, dest_type=6, pow=Q111, seq=604, vbay=6, vessel_id=FUB_007, need_ps=True, destination=Q111.5)
[2025-03-09 01:07:26,731][INFO]: memory.py[line:79] - A507 has container [{"id": "TEMU2378356", "size": 20, "weight": 23328, "position": 2, "slot": "B.05.03.04"}, {"id": "XHCU2298184", "size": 20, "weight": 23140, "position": 3, "slot": "B.07.03.04"}]
[2025-03-09 01:07:26,732][INFO]: task_master.py[line:1220] - A507 Send Task:4dc311345a764449935dbb6988bda6eb
[2025-03-09 01:07:26,760][INFO]: task_master.py[line:1225] - load_seq:A507 Q111 [('A509', 604), ('A507', 604), ('A518', 706), ('A510', 708), ('A516', 708)]
